<?xml version="1.0" encoding="UTF-8"?>
<!-- Generated by org.testng.reporters.JUnitXMLReporter -->
<testsuite hostname="Venkata-MAC.local" name="truefitgoogle" tests="21" failures="0" timestamp="22 Sep 2018 14:26:36 GMT" time="35.661" errors="0">
  <testcase name="checkForPageExistence on [TestGoogleHomePageOpeningFirefox passed=0 failed=0 skipped=0]" time="1.561" classname="googlesetupFireFox.TestGoogleHomePageOpeningFirefox"/>
  <testcase name="test_LookForLuckSearchButton on [TestGoogleSearchButton passed=0 failed=0 skipped=0]" time="1.315" classname="googlesetupFireFox.TestGoogleSearchButton"/>
  <testcase name="test_LookForSearchButton on [TestGoogleSearchButton passed=0 failed=0 skipped=0]" time="0.495" classname="googlesetupFireFox.TestGoogleSearchButton"/>
  <testcase name="test_SearchButtonWithEmptyTextFailTest on [TestGoogleSearchButton passed=0 failed=0 skipped=0]" time="0.102" classname="googlesetupFireFox.TestGoogleSearchButton"/>
  <testcase name="test_SearchButtonWithNoText on [TestGoogleSearchButton passed=0 failed=0 skipped=0]" time="0.736" classname="googlesetupFireFox.TestGoogleSearchButton"/>
  <testcase name="test_SearchButtonWithNumbers on [TestGoogleSearchButton passed=0 failed=0 skipped=0]" time="7.648" classname="googlesetupFireFox.TestGoogleSearchButton"/>
  <testcase name="test_SearchButtonWithSpecialChars on [TestGoogleSearchButton passed=0 failed=0 skipped=0]" time="7.81" classname="googlesetupFireFox.TestGoogleSearchButton"/>
  <testcase name="test_SearchButtonWithText on [TestGoogleSearchButton passed=0 failed=0 skipped=0]" time="0.693" classname="googlesetupFireFox.TestGoogleSearchButton"/>
  <testcase name="test_SearchButtonWithTextAndRedirect on [TestGoogleSearchButton passed=0 failed=0 skipped=0]" time="0.747" classname="googlesetupFireFox.TestGoogleSearchButton"/>
  <testcase name="test_SearchButtonWithTextJSONResponse on [TestGoogleSearchButton passed=0 failed=0 skipped=0]" time="0.657" classname="googlesetupFireFox.TestGoogleSearchButton"/>
  <testcase name="test_checkForGoogleLogo_Existence on [TestGoogleSearchLogo passed=0 failed=0 skipped=0]" time="1.313" classname="googlesetupFireFox.TestGoogleSearchLogo"/>
  <testcase name="test_checkForLogoAlignment on [TestGoogleSearchLogo passed=0 failed=0 skipped=0]" time="0.706" classname="googlesetupFireFox.TestGoogleSearchLogo"/>
  <testcase name="test_checkForLogoCSSProperties on [TestGoogleSearchLogo passed=0 failed=0 skipped=0]" time="0.473" classname="googlesetupFireFox.TestGoogleSearchLogo"/>
  <testcase name="test_checkForExistenceOfInputsInTextField_JSInjection on [TestGoogleSearchTextField passed=0 failed=0 skipped=0]" time="1.786" classname="googlesetupFireFox.TestGoogleSearchTextField"/>
  <testcase name="test_checkForExistenceOfInputsInTextField_SQLInjection on [TestGoogleSearchTextField passed=0 failed=0 skipped=0]" time="0.987" classname="googlesetupFireFox.TestGoogleSearchTextField"/>
  <testcase name="test_checkForExistenceOfInputsInTextField_blankSpaces on [TestGoogleSearchTextField passed=0 failed=0 skipped=0]" time="0.922" classname="googlesetupFireFox.TestGoogleSearchTextField"/>
  <testcase name="test_checkForExistenceOfInputsInTextField_specialChars_ASCII on [TestGoogleSearchTextField passed=0 failed=0 skipped=0]" time="1.016" classname="googlesetupFireFox.TestGoogleSearchTextField"/>
  <testcase name="test_checkForExistenceOfInputsInTextField_specialChars_UTF8 on [TestGoogleSearchTextField passed=0 failed=0 skipped=0]" time="0.715" classname="googlesetupFireFox.TestGoogleSearchTextField"/>
  <testcase name="test_checkForExistenceOfInputsInTextField_specialChars_Unicode on [TestGoogleSearchTextField passed=0 failed=0 skipped=0]" time="0.722" classname="googlesetupFireFox.TestGoogleSearchTextField"/>
  <testcase name="test_checkForExistenceOfInputsInTextField_valid on [TestGoogleSearchTextField passed=0 failed=0 skipped=0]" time="0.695" classname="googlesetupFireFox.TestGoogleSearchTextField"/>
  <testcase name="test_checkForExistenceOfTextField on [TestGoogleSearchTextField passed=0 failed=0 skipped=0]" time="0.701" classname="googlesetupFireFox.TestGoogleSearchTextField"/>
</testsuite> <!-- truefitgoogle -->
