<?xml version="1.0" encoding="UTF-8"?>
<!-- Generated by org.testng.reporters.JUnitXMLReporter -->
<testsuite hostname="Venkata-MAC.local" name="truefitgoogle" tests="21" failures="0" timestamp="21 Sep 2018 17:31:53 GMT" time="84.948" errors="0">
  <testcase name="checkForPageExistence on [TestGoogleHomePageOpening passed=0 failed=0 skipped=0]" time="3.751" classname="googlesetup.TestGoogleHomePageOpeningChrome"/>
  <testcase name="test_LookForLuckSearchButton on [TestGoogleSearchButton passed=0 failed=0 skipped=0]" time="2.696" classname="googlesetup.TestGoogleSearchButton"/>
  <testcase name="test_LookForSearchButton on [TestGoogleSearchButton passed=0 failed=0 skipped=0]" time="0.319" classname="googlesetup.TestGoogleSearchButton"/>
  <testcase name="test_SearchButtonWithEmptyTextFailTest on [TestGoogleSearchButton passed=0 failed=0 skipped=0]" time="0.11" classname="googlesetup.TestGoogleSearchButton"/>
  <testcase name="test_SearchButtonWithNoText on [TestGoogleSearchButton passed=0 failed=0 skipped=0]" time="0.57" classname="googlesetup.TestGoogleSearchButton"/>
  <testcase name="test_SearchButtonWithNumbers on [TestGoogleSearchButton passed=0 failed=0 skipped=0]" time="10.174" classname="googlesetup.TestGoogleSearchButton"/>
  <testcase name="test_SearchButtonWithSpecialChars on [TestGoogleSearchButton passed=0 failed=0 skipped=0]" time="13.764" classname="googlesetup.TestGoogleSearchButton"/>
  <testcase name="test_SearchButtonWithText on [TestGoogleSearchButton passed=0 failed=0 skipped=0]" time="1.451" classname="googlesetup.TestGoogleSearchButton"/>
  <testcase name="test_SearchButtonWithTextAndRedirect on [TestGoogleSearchButton passed=0 failed=0 skipped=0]" time="1.356" classname="googlesetup.TestGoogleSearchButton"/>
  <testcase name="test_SearchButtonWithTextJSONResponse on [TestGoogleSearchButton passed=0 failed=0 skipped=0]" time="0.694" classname="googlesetup.TestGoogleSearchButton"/>
  <testcase name="test_checkForGoogleLogo_Existence on [TestGoogleSearchLogo passed=0 failed=0 skipped=0]" time="0.783" classname="googlesetup.TestGoogleSearchLogo"/>
  <testcase name="test_checkForLogoAlignment on [TestGoogleSearchLogo passed=0 failed=0 skipped=0]" time="0.566" classname="googlesetup.TestGoogleSearchLogo"/>
  <testcase name="test_checkForLogoCSSProperties on [TestGoogleSearchLogo passed=0 failed=0 skipped=0]" time="0.433" classname="googlesetup.TestGoogleSearchLogo"/>
  <testcase name="test_checkForExistenceOfInputsInTextField_JSInjection on [TestGoogleSearchTextField passed=0 failed=0 skipped=0]" time="9.211" classname="googlesetup.TestGoogleSearchTextField"/>
  <testcase name="test_checkForExistenceOfInputsInTextField_SQLInjection on [TestGoogleSearchTextField passed=0 failed=0 skipped=0]" time="5.645" classname="googlesetup.TestGoogleSearchTextField"/>
  <testcase name="test_checkForExistenceOfInputsInTextField_blankSpaces on [TestGoogleSearchTextField passed=0 failed=0 skipped=0]" time="5.608" classname="googlesetup.TestGoogleSearchTextField"/>
  <testcase name="test_checkForExistenceOfInputsInTextField_specialChars_ASCII on [TestGoogleSearchTextField passed=0 failed=0 skipped=0]" time="5.483" classname="googlesetup.TestGoogleSearchTextField"/>
  <testcase name="test_checkForExistenceOfInputsInTextField_specialChars_UTF8 on [TestGoogleSearchTextField passed=0 failed=0 skipped=0]" time="5.411" classname="googlesetup.TestGoogleSearchTextField"/>
  <testcase name="test_checkForExistenceOfInputsInTextField_specialChars_Unicode on [TestGoogleSearchTextField passed=0 failed=0 skipped=0]" time="5.444" classname="googlesetup.TestGoogleSearchTextField"/>
  <testcase name="test_checkForExistenceOfInputsInTextField_valid on [TestGoogleSearchTextField passed=0 failed=0 skipped=0]" time="5.34" classname="googlesetup.TestGoogleSearchTextField"/>
  <testcase name="test_checkForExistenceOfTextField on [TestGoogleSearchTextField passed=0 failed=0 skipped=0]" time="5.392" classname="googlesetup.TestGoogleSearchTextField"/>
</testsuite> <!-- truefitgoogle -->
